[LOGGER] 2024-11-26 02:00:11.079 PM error : uncaughtException: ⨯ Unable to compile TypeScript:
[96msrc/controllers/barang.controller.ts[0m:[93m167[0m:[93m66[0m - [91merror[0m[90m TS18046: [0m'error' is of type 'unknown'.

[7m167[0m       next(new Error('Error pada update barang controller  : ' + error.message))
[7m   [0m [91m                                                                 ~~~~~[0m

TSError: ⨯ Unable to compile TypeScript:
[96msrc/controllers/barang.controller.ts[0m:[93m167[0m:[93m66[0m - [91merror[0m[90m TS18046: [0m'error' is of type 'unknown'.

[7m167[0m       next(new Error('Error pada update barang controller  : ' + error.message))
[7m   [0m [91m                                                                 ~~~~~[0m

    at createTSError (D:\Learn Programming\Youtube\PojokKode\REST API - typescript\node_modules\ts-node\src\index.ts:859:12)
    at reportTSError (D:\Learn Programming\Youtube\PojokKode\REST API - typescript\node_modules\ts-node\src\index.ts:863:19)
    at getOutput (D:\Learn Programming\Youtube\PojokKode\REST API - typescript\node_modules\ts-node\src\index.ts:1077:36)
    at Object.compile (D:\Learn Programming\Youtube\PojokKode\REST API - typescript\node_modules\ts-node\src\index.ts:1433:41)
    at Module.m._compile (D:\Learn Programming\Youtube\PojokKode\REST API - typescript\node_modules\ts-node\src\index.ts:1617:30)
    at Module._extensions..js (node:internal/modules/cjs/loader:1427:10)
    at Object.require.extensions.<computed> [as .ts] (D:\Learn Programming\Youtube\PojokKode\REST API - typescript\node_modules\ts-node\src\index.ts:1621:12)
    at Module.load (node:internal/modules/cjs/loader:1206:32)
    at Function.Module._load (node:internal/modules/cjs/loader:1022:12)
    at Module.require (node:internal/modules/cjs/loader:1231:19)
[LOGGER] 2024-11-26 02:38:46.261 PM error : Error pada get barang by id controller : getBarangById - 
Invalid `prisma.barang.findUnique()` invocation in
D:\Learn Programming\Youtube\PojokKode\REST API - typescript\src\services\barang.service.ts:34:36

  31 export const getDetailBarang = async (
  32   id: number
  33 ): Promise<BarangTypeDB | null> => {
→ 34   const data = await prisma.barang.findUnique({
         where: {
       +   id: Int
         }
       })

Argument `id` is missing.
